<?xml version="1.0" encoding="UTF-8"?>
<!-- Generated by org.testng.reporters.JUnitXMLReporter -->
<testsuite ignored="0" hostname="DESKTOP-1STIG52" failures="0" tests="4" name="SeleniumRegression testing" time="3.124" errors="0" timestamp="2022-11-05T18:35:33 CET">
  <testcase classname="com.selenium.pagetests.ContactUsFormPage" name="@BeforeClass run" time="3.046">
    <failure type="java.lang.IllegalStateException" message="The path to the driver executable The path to the driver executable must be set by the webdriver.gecko.driver system property; for more information, see https://github.com/mozilla/geckodriver. The latest version can be downloaded from https://github.com/mozilla/geckodriver/releases">
      <![CDATA[java.lang.IllegalStateException: The path to the driver executable The path to the driver executable must be set by the webdriver.gecko.driver system property; for more information, see https://github.com/mozilla/geckodriver. The latest version can be downloaded from https://github.com/mozilla/geckodriver/releases
at org.openqa.selenium.internal.Require$StateChecker.nonNull(Require.java:314)
at org.openqa.selenium.remote.service.DriverService.findExecutable(DriverService.java:148)
at org.openqa.selenium.firefox.GeckoDriverService.access$100(GeckoDriverService.java:45)
at org.openqa.selenium.firefox.GeckoDriverService$Builder.findDefaultExecutable(GeckoDriverService.java:181)
at org.openqa.selenium.remote.service.DriverService$Builder.build(DriverService.java:450)
at org.openqa.selenium.firefox.GeckoDriverService.createDefaultService(GeckoDriverService.java:94)
at org.openqa.selenium.firefox.FirefoxDriver.<init>(FirefoxDriver.java:99)
at org.openqa.selenium.firefox.FirefoxDriver.<init>(FirefoxDriver.java:95)
at com.selenium.utility.WebdriverInstance.setUp(WebdriverInstance.java:14)
at com.selenium.pagetests.ContactUsFormPage.run(ContactUsFormPage.java:14)
at java.base/java.util.ArrayList.forEach(ArrayList.java:1511)
... Removed 25 stack frames]]>
    </failure>
  </testcase> <!-- @BeforeClass run -->
  <testcase classname="com.selenium.utility.WebdriverInstance" name="@AfterMethod verifyResults" time="-1.667669733149E9">
    <skipped/>
  </testcase> <!-- @AfterMethod verifyResults -->
  <testcase classname="com.selenium.utility.WebdriverInstance" name="@AfterMethod verifyResults" time="-1.667669733159E9">
    <skipped/>
  </testcase> <!-- @AfterMethod verifyResults -->
  <testcase classname="com.selenium.utility.WebdriverInstance" name="@AfterMethod verifyResults" time="-1.667669733165E9">
    <skipped/>
  </testcase> <!-- @AfterMethod verifyResults -->
  <testcase classname="com.selenium.utility.WebdriverInstance" name="@AfterMethod verifyResults" time="-1.66766973317E9">
    <skipped/>
  </testcase> <!-- @AfterMethod verifyResults -->
  <testcase classname="com.selenium.pagetests.ContactUsFormPage" name="enterCustName" time="0.0">
    <skipped/>
  </testcase> <!-- enterCustName -->
  <testcase classname="com.selenium.pagetests.ContactUsFormPage" name="enterCustEmail" time="0.0">
    <skipped/>
  </testcase> <!-- enterCustEmail -->
  <testcase classname="com.selenium.pagetests.ContactUsFormPage" name="enterCustMessage" time="0.0">
    <skipped/>
  </testcase> <!-- enterCustMessage -->
  <testcase classname="com.selenium.pagetests.ContactUsFormPage" name="clickSendButton" time="0.0">
    <skipped/>
  </testcase> <!-- clickSendButton -->
</testsuite> <!-- SeleniumRegression testing -->
